# JRE version: OpenJDK Runtime Environment (17.0.10) (build 17.0.10+0--11572160)
# Java VM: OpenJDK 64-Bit Server VM (17.0.10+0--11572160, mixed mode, tiered, compressed oops, compressed class ptrs, g1 gc, windows-amd64)
GC Precious Log:
 CPUs: 4 total, 4 available
 Memory: 8079M
 Large Page Support: Disabled
 NUMA Support: Disabled
 Compressed Oops: Enabled (32-bit)
 Heap Region Size: 1M
 Heap Min Capacity: 8M
 Heap Initial Capacity: 128M
 Heap Max Capacity: 2G
 Pre-touch: Disabled
 Parallel Workers: 4
 Concurrent Workers: 1
 Concurrent Refinement Workers: 4
 Periodic GC: Disabled
Heap:
 garbage-first heap   total 492544K, used 381814K [0x0000000080000000, 0x0000000100000000)
  region size 1024K, 49 young (50176K), 5 survivors (5120K)
 Metaspace       used 236682K, committed 238080K, reserved 1310720K
  class space    used 30023K, committed 30784K, reserved 1048576K
GC Heap History (20 events):
Event: 5962.532 GC heap before
{Heap before GC invocations=109 (full 0):
 garbage-first heap   total 393216K, used 345399K [0x0000000080000000, 0x0000000100000000)
  region size 1024K, 20 young (20480K), 3 survivors (3072K)
 Metaspace       used 232004K, committed 233408K, reserved 1310720K
  class space    used 29370K, committed 30080K, reserved 1048576K
}
Event: 5962.543 GC heap after
{Heap after GC invocations=110 (full 0):
 garbage-first heap   total 393216K, used 329542K [0x0000000080000000, 0x0000000100000000)
  region size 1024K, 2 young (2048K), 2 survivors (2048K)
 Metaspace       used 232004K, committed 233408K, reserved 1310720K
  class space    used 29370K, committed 30080K, reserved 1048576K
}
Event: 5963.134 GC heap before
{Heap before GC invocations=110 (full 0):
 garbage-first heap   total 393216K, used 345926K [0x0000000080000000, 0x0000000100000000)
  region size 1024K, 19 young (19456K), 2 survivors (2048K)
 Metaspace       used 233510K, committed 234880K, reserved 1310720K
  class space    used 29579K, committed 30272K, reserved 1048576K
}
Event: 5963.140 GC heap after
{Heap after GC invocations=111 (full 0):
 garbage-first heap   total 393216K, used 330071K [0x0000000080000000, 0x0000000100000000)
  region size 1024K, 2 young (2048K), 2 survivors (2048K)
 Metaspace       used 233510K, committed 234880K, reserved 1310720K
  class space    used 29579K, committed 30272K, reserved 1048576K
}
Event: 5963.668 GC heap before
{Heap before GC invocations=111 (full 0):
 garbage-first heap   total 393216K, used 348503K [0x0000000080000000, 0x0000000100000000)
  region size 1024K, 20 young (20480K), 2 survivors (2048K)
 Metaspace       used 235036K, committed 236416K, reserved 1310720K
  class space    used 29796K, committed 30528K, reserved 1048576K
}
Event: 5963.676 GC heap after
{Heap after GC invocations=112 (full 0):
 garbage-first heap   total 393216K, used 330191K [0x0000000080000000, 0x0000000100000000)
  region size 1024K, 2 young (2048K), 2 survivors (2048K)
 Metaspace       used 235036K, committed 236416K, reserved 1310720K
  class space    used 29796K, committed 30528K, reserved 1048576K
}
Event: 5964.212 GC heap before
{Heap before GC invocations=112 (full 0):
 garbage-first heap   total 393216K, used 350671K [0x0000000080000000, 0x0000000100000000)
  region size 1024K, 20 young (20480K), 2 survivors (2048K)
 Metaspace       used 236190K, committed 237568K, reserved 1310720K
  class space    used 29995K, committed 30720K, reserved 1048576K
}
Event: 5964.221 GC heap after
{Heap after GC invocations=113 (full 0):
 garbage-first heap   total 393216K, used 332799K [0x0000000080000000, 0x0000000100000000)
  region size 1024K, 2 young (2048K), 2 survivors (2048K)
 Metaspace       used 236190K, committed 237568K, reserved 1310720K
  class space    used 29995K, committed 30720K, reserved 1048576K
}
Event: 5964.296 GC heap before
{Heap before GC invocations=113 (full 0):
 garbage-first heap   total 393216K, used 350207K [0x0000000080000000, 0x0000000100000000)
  region size 1024K, 19 young (19456K), 2 survivors (2048K)
 Metaspace       used 236196K, committed 237568K, reserved 1310720K
  class space    used 29995K, committed 30720K, reserved 1048576K
}
Event: 5964.300 GC heap after
{Heap after GC invocations=114 (full 0):
 garbage-first heap   total 393216K, used 333033K [0x0000000080000000, 0x0000000100000000)
  region size 1024K, 2 young (2048K), 2 survivors (2048K)
 Metaspace       used 236196K, committed 237568K, reserved 1310720K
  class space    used 29995K, committed 30720K, reserved 1048576K
}
Event: 5964.374 GC heap before
{Heap before GC invocations=114 (full 0):
 garbage-first heap   total 393216K, used 350441K [0x0000000080000000, 0x0000000100000000)
  region size 1024K, 19 young (19456K), 2 survivors (2048K)
 Metaspace       used 236196K, committed 237568K, reserved 1310720K
  class space    used 29995K, committed 30720K, reserved 1048576K
}
Event: 5964.378 GC heap after
{Heap after GC invocations=115 (full 0):
 garbage-first heap   total 393216K, used 333164K [0x0000000080000000, 0x0000000100000000)
  region size 1024K, 2 young (2048K), 2 survivors (2048K)
 Metaspace       used 236196K, committed 237568K, reserved 1310720K
  class space    used 29995K, committed 30720K, reserved 1048576K
}
Event: 5964.450 GC heap before
{Heap before GC invocations=115 (full 0):
 garbage-first heap   total 393216K, used 350572K [0x0000000080000000, 0x0000000100000000)
  region size 1024K, 19 young (19456K), 2 survivors (2048K)
 Metaspace       used 236196K, committed 237568K, reserved 1310720K
  class space    used 29995K, committed 30720K, reserved 1048576K
}
Event: 5964.453 GC heap after
{Heap after GC invocations=116 (full 0):
 garbage-first heap   total 393216K, used 333366K [0x0000000080000000, 0x0000000100000000)
  region size 1024K, 2 young (2048K), 2 survivors (2048K)
 Metaspace       used 236196K, committed 237568K, reserved 1310720K
  class space    used 29995K, committed 30720K, reserved 1048576K
}
Event: 5964.513 GC heap before
{Heap before GC invocations=116 (full 0):
 garbage-first heap   total 393216K, used 350774K [0x0000000080000000, 0x0000000100000000)
  region size 1024K, 19 young (19456K), 2 survivors (2048K)
 Metaspace       used 236196K, committed 237568K, reserved 1310720K
  class space    used 29995K, committed 30720K, reserved 1048576K
}
Event: 5964.517 GC heap after
{Heap after GC invocations=117 (full 0):
 garbage-first heap   total 393216K, used 333597K [0x0000000080000000, 0x0000000100000000)
  region size 1024K, 2 young (2048K), 2 survivors (2048K)
 Metaspace       used 236196K, committed 237568K, reserved 1310720K
  class space    used 29995K, committed 30720K, reserved 1048576K
}
Event: 5964.574 GC heap before
{Heap before GC invocations=117 (full 0):
 garbage-first heap   total 393216K, used 351005K [0x0000000080000000, 0x0000000100000000)
  region size 1024K, 19 young (19456K), 2 survivors (2048K)
 Metaspace       used 236196K, committed 237568K, reserved 1310720K
  class space    used 29995K, committed 30720K, reserved 1048576K
}
Event: 5964.583 GC heap after
{Heap after GC invocations=118 (full 0):
 garbage-first heap   total 492544K, used 333918K [0x0000000080000000, 0x0000000100000000)
  region size 1024K, 2 young (2048K), 2 survivors (2048K)
 Metaspace       used 236196K, committed 237568K, reserved 1310720K
  class space    used 29995K, committed 30720K, reserved 1048576K
}
Event: 5966.963 GC heap before
{Heap before GC invocations=118 (full 0):
 garbage-first heap   total 492544K, used 437342K [0x0000000080000000, 0x0000000100000000)
  region size 1024K, 101 young (103424K), 2 survivors (2048K)
 Metaspace       used 236681K, committed 238080K, reserved 1310720K
  class space    used 30023K, committed 30784K, reserved 1048576K
}
Event: 5966.976 GC heap after
{Heap after GC invocations=119 (full 0):
 garbage-first heap   total 492544K, used 337782K [0x0000000080000000, 0x0000000100000000)
  region size 1024K, 5 young (5120K), 5 survivors (5120K)
 Metaspace       used 236681K, committed 238080K, reserved 1310720K
  class space    used 30023K, committed 30784K, reserved 1048576K
}

